2022-03-09 20:56:33,425 CRIT Supervisor is running as root.  Privileges were not dropped because no user is specified in the config file.  If you intend to run as root, you can set user=root in the config file to avoid this message.
2022-03-09 20:56:33,428 INFO supervisord started with pid 1
2022-03-09 20:56:34,430 INFO spawned: 'nginx' with pid 6
2022-03-09 20:56:34,433 INFO spawned: 'php-fpm' with pid 7
2022-03-09 20:56:35,487 INFO success: nginx entered RUNNING state, process has stayed up for > than 1 seconds (startsecs)
2022-03-09 20:56:35,487 INFO success: php-fpm entered RUNNING state, process has stayed up for > than 1 seconds (startsecs)
2022-03-09 20:57:21,538 INFO reaped unknown pid 39 (exit status 0)
2022-03-09 20:57:34,557 WARN received SIGTERM indicating exit request
2022-03-09 20:57:34,558 INFO waiting for nginx, php-fpm to die
2022-03-09 20:57:34,573 INFO stopped: php-fpm (exit status 0)
2022-03-09 20:57:34,648 INFO stopped: nginx (exit status 0)
2022-03-09 20:57:59,555 CRIT Supervisor is running as root.  Privileges were not dropped because no user is specified in the config file.  If you intend to run as root, you can set user=root in the config file to avoid this message.
2022-03-09 20:57:59,568 INFO supervisord started with pid 1
2022-03-09 20:58:00,573 INFO spawned: 'nginx' with pid 6
2022-03-09 20:58:00,581 INFO spawned: 'php-fpm' with pid 7
2022-03-09 20:58:01,741 INFO success: nginx entered RUNNING state, process has stayed up for > than 1 seconds (startsecs)
2022-03-09 20:58:01,741 INFO success: php-fpm entered RUNNING state, process has stayed up for > than 1 seconds (startsecs)
2022-03-09 20:59:23,642 WARN received SIGTERM indicating exit request
2022-03-09 20:59:23,665 INFO waiting for nginx, php-fpm to die
2022-03-09 20:59:23,687 INFO stopped: php-fpm (exit status 0)
2022-03-09 20:59:23,767 INFO stopped: nginx (exit status 0)
2022-03-25 20:05:49,179 CRIT Supervisor is running as root.  Privileges were not dropped because no user is specified in the config file.  If you intend to run as root, you can set user=root in the config file to avoid this message.
2022-03-25 20:05:49,185 INFO supervisord started with pid 1
2022-03-25 20:05:50,188 INFO spawned: 'nginx' with pid 6
2022-03-25 20:05:50,190 INFO spawned: 'php-fpm' with pid 7
2022-03-25 20:05:51,345 INFO success: nginx entered RUNNING state, process has stayed up for > than 1 seconds (startsecs)
2022-03-25 20:05:51,345 INFO success: php-fpm entered RUNNING state, process has stayed up for > than 1 seconds (startsecs)
2022-03-25 20:08:54,547 INFO reaped unknown pid 279 (exit status 0)
2022-03-25 20:12:06,599 INFO reaped unknown pid 294 (exit status 0)
2022-03-25 20:13:25,470 WARN received SIGTERM indicating exit request
2022-03-25 20:13:25,474 INFO waiting for nginx, php-fpm to die
2022-03-25 20:13:25,488 INFO stopped: php-fpm (exit status 0)
2022-03-25 20:13:25,576 INFO stopped: nginx (exit status 0)
2022-03-25 20:14:14,836 CRIT Supervisor is running as root.  Privileges were not dropped because no user is specified in the config file.  If you intend to run as root, you can set user=root in the config file to avoid this message.
2022-03-25 20:14:14,841 INFO supervisord started with pid 1
2022-03-25 20:14:15,844 INFO spawned: 'nginx' with pid 6
2022-03-25 20:14:15,847 INFO spawned: 'php-fpm' with pid 7
2022-03-25 20:14:16,925 INFO success: nginx entered RUNNING state, process has stayed up for > than 1 seconds (startsecs)
2022-03-25 20:14:16,926 INFO success: php-fpm entered RUNNING state, process has stayed up for > than 1 seconds (startsecs)
2022-03-25 20:18:45,244 INFO reaped unknown pid 38 (exit status 0)
2022-03-25 20:19:06,266 WARN received SIGTERM indicating exit request
2022-03-25 20:19:06,267 INFO waiting for nginx, php-fpm to die
2022-03-25 20:19:06,275 INFO stopped: php-fpm (exit status 0)
2022-03-25 20:19:06,348 INFO stopped: nginx (exit status 0)
2022-03-25 20:19:16,769 CRIT Supervisor is running as root.  Privileges were not dropped because no user is specified in the config file.  If you intend to run as root, you can set user=root in the config file to avoid this message.
2022-03-25 20:19:16,775 INFO supervisord started with pid 1
2022-03-25 20:19:17,780 INFO spawned: 'nginx' with pid 6
2022-03-25 20:19:17,785 INFO spawned: 'php-fpm' with pid 7
2022-03-25 20:19:18,865 INFO success: nginx entered RUNNING state, process has stayed up for > than 1 seconds (startsecs)
2022-03-25 20:19:18,865 INFO success: php-fpm entered RUNNING state, process has stayed up for > than 1 seconds (startsecs)
2022-03-25 20:20:39,962 INFO reaped unknown pid 39 (exit status 0)
2022-03-25 20:21:05,990 WARN received SIGTERM indicating exit request
2022-03-25 20:21:05,991 INFO waiting for nginx, php-fpm to die
2022-03-25 20:21:06,004 INFO stopped: php-fpm (exit status 0)
2022-03-25 20:21:06,078 INFO stopped: nginx (exit status 0)
2022-03-25 20:21:15,212 CRIT Supervisor is running as root.  Privileges were not dropped because no user is specified in the config file.  If you intend to run as root, you can set user=root in the config file to avoid this message.
2022-03-25 20:21:15,217 INFO supervisord started with pid 1
2022-03-25 20:21:16,221 INFO spawned: 'nginx' with pid 6
2022-03-25 20:21:16,226 INFO spawned: 'php-fpm' with pid 7
2022-03-25 20:21:17,305 INFO success: nginx entered RUNNING state, process has stayed up for > than 1 seconds (startsecs)
2022-03-25 20:21:17,305 INFO success: php-fpm entered RUNNING state, process has stayed up for > than 1 seconds (startsecs)
2022-03-25 20:22:24,335 WARN received SIGTERM indicating exit request
2022-03-25 20:22:24,336 INFO waiting for nginx, php-fpm to die
2022-03-25 20:22:24,344 INFO stopped: php-fpm (exit status 0)
2022-03-25 20:22:24,429 INFO stopped: nginx (exit status 0)
2022-03-25 20:22:35,274 CRIT Supervisor is running as root.  Privileges were not dropped because no user is specified in the config file.  If you intend to run as root, you can set user=root in the config file to avoid this message.
2022-03-25 20:22:35,280 INFO supervisord started with pid 1
2022-03-25 20:22:36,284 INFO spawned: 'nginx' with pid 6
2022-03-25 20:22:36,290 INFO spawned: 'php-fpm' with pid 7
2022-03-25 20:22:37,366 INFO success: nginx entered RUNNING state, process has stayed up for > than 1 seconds (startsecs)
2022-03-25 20:22:37,366 INFO success: php-fpm entered RUNNING state, process has stayed up for > than 1 seconds (startsecs)
2022-03-25 20:24:37,201 WARN received SIGTERM indicating exit request
2022-03-25 20:24:37,202 INFO waiting for nginx, php-fpm to die
2022-03-25 20:24:37,213 INFO stopped: php-fpm (exit status 0)
2022-03-25 20:24:37,285 INFO stopped: nginx (exit status 0)
2022-03-25 20:24:48,682 CRIT Supervisor is running as root.  Privileges were not dropped because no user is specified in the config file.  If you intend to run as root, you can set user=root in the config file to avoid this message.
2022-03-25 20:24:48,692 INFO supervisord started with pid 1
2022-03-25 20:24:49,696 INFO spawned: 'nginx' with pid 6
2022-03-25 20:24:49,700 INFO spawned: 'php-fpm' with pid 7
2022-03-25 20:24:50,814 INFO success: nginx entered RUNNING state, process has stayed up for > than 1 seconds (startsecs)
2022-03-25 20:24:50,814 INFO success: php-fpm entered RUNNING state, process has stayed up for > than 1 seconds (startsecs)
2022-03-25 20:26:59,962 INFO reaped unknown pid 36 (exit status 0)
2022-03-25 20:27:02,966 WARN received SIGTERM indicating exit request
2022-03-25 20:27:02,968 INFO waiting for nginx, php-fpm to die
2022-03-25 20:27:02,988 INFO stopped: php-fpm (exit status 0)
2022-03-25 20:27:03,070 INFO stopped: nginx (exit status 0)
2022-03-25 20:27:15,915 CRIT Supervisor is running as root.  Privileges were not dropped because no user is specified in the config file.  If you intend to run as root, you can set user=root in the config file to avoid this message.
2022-03-25 20:27:15,921 INFO supervisord started with pid 1
2022-03-25 20:27:16,926 INFO spawned: 'nginx' with pid 6
2022-03-25 20:27:16,931 INFO spawned: 'php-fpm' with pid 7
2022-03-25 20:27:18,009 INFO success: nginx entered RUNNING state, process has stayed up for > than 1 seconds (startsecs)
2022-03-25 20:27:18,009 INFO success: php-fpm entered RUNNING state, process has stayed up for > than 1 seconds (startsecs)
2022-03-25 20:28:29,088 WARN received SIGTERM indicating exit request
2022-03-25 20:28:29,089 INFO waiting for nginx, php-fpm to die
2022-03-25 20:28:29,099 INFO stopped: php-fpm (exit status 0)
2022-03-25 20:28:29,170 INFO stopped: nginx (exit status 0)
2022-03-25 20:30:15,313 CRIT Supervisor is running as root.  Privileges were not dropped because no user is specified in the config file.  If you intend to run as root, you can set user=root in the config file to avoid this message.
2022-03-25 20:30:15,319 INFO supervisord started with pid 1
2022-03-25 20:30:16,324 INFO spawned: 'nginx' with pid 6
2022-03-25 20:30:16,327 INFO spawned: 'php-fpm' with pid 7
2022-03-25 20:30:17,399 INFO success: nginx entered RUNNING state, process has stayed up for > than 1 seconds (startsecs)
2022-03-25 20:30:17,399 INFO success: php-fpm entered RUNNING state, process has stayed up for > than 1 seconds (startsecs)
2022-03-25 20:31:27,504 INFO reaped unknown pid 38 (exit status 0)
2022-03-25 20:32:37,588 WARN received SIGTERM indicating exit request
2022-03-25 20:32:37,589 INFO waiting for nginx, php-fpm to die
2022-03-25 20:32:37,595 INFO stopped: php-fpm (exit status 0)
2022-03-25 20:32:37,661 INFO stopped: nginx (exit status 0)
2022-03-25 20:33:21,529 CRIT Supervisor is running as root.  Privileges were not dropped because no user is specified in the config file.  If you intend to run as root, you can set user=root in the config file to avoid this message.
2022-03-25 20:33:21,534 INFO supervisord started with pid 1
2022-03-25 20:33:22,536 INFO spawned: 'nginx' with pid 9
2022-03-25 20:33:22,539 INFO spawned: 'php-fpm' with pid 10
2022-03-25 20:33:23,623 INFO success: nginx entered RUNNING state, process has stayed up for > than 1 seconds (startsecs)
2022-03-25 20:33:23,623 INFO success: php-fpm entered RUNNING state, process has stayed up for > than 1 seconds (startsecs)
2022-03-25 20:42:16,340 WARN received SIGTERM indicating exit request
2022-03-25 20:42:16,343 INFO waiting for nginx, php-fpm to die
2022-03-25 20:42:16,358 INFO stopped: php-fpm (exit status 0)
2022-03-25 20:42:16,447 INFO stopped: nginx (exit status 0)
2022-03-25 20:43:37,565 CRIT Supervisor is running as root.  Privileges were not dropped because no user is specified in the config file.  If you intend to run as root, you can set user=root in the config file to avoid this message.
2022-03-25 20:43:37,571 INFO supervisord started with pid 1
2022-03-25 20:43:38,575 INFO spawned: 'nginx' with pid 7
2022-03-25 20:43:38,577 INFO spawned: 'php-fpm' with pid 8
2022-03-25 20:43:39,651 INFO success: nginx entered RUNNING state, process has stayed up for > than 1 seconds (startsecs)
2022-03-25 20:43:39,651 INFO success: php-fpm entered RUNNING state, process has stayed up for > than 1 seconds (startsecs)
2022-03-25 20:44:47,459 WARN received SIGTERM indicating exit request
2022-03-25 20:44:47,459 INFO waiting for nginx, php-fpm to die
2022-03-25 20:44:47,466 INFO stopped: php-fpm (exit status 0)
2022-03-25 20:44:47,533 INFO stopped: nginx (exit status 0)
2022-03-25 20:45:13,562 CRIT Supervisor is running as root.  Privileges were not dropped because no user is specified in the config file.  If you intend to run as root, you can set user=root in the config file to avoid this message.
2022-03-25 20:45:13,567 INFO supervisord started with pid 1
2022-03-25 20:45:14,572 INFO spawned: 'nginx' with pid 6
2022-03-25 20:45:14,577 INFO spawned: 'php-fpm' with pid 7
2022-03-25 20:45:15,667 INFO success: nginx entered RUNNING state, process has stayed up for > than 1 seconds (startsecs)
2022-03-25 20:45:15,667 INFO success: php-fpm entered RUNNING state, process has stayed up for > than 1 seconds (startsecs)
2022-03-25 20:47:32,849 WARN received SIGTERM indicating exit request
2022-03-25 20:47:32,850 INFO waiting for nginx, php-fpm to die
2022-03-25 20:47:32,868 INFO stopped: php-fpm (exit status 0)
2022-03-25 20:47:32,946 INFO stopped: nginx (exit status 0)
2022-03-25 20:48:09,331 CRIT Supervisor is running as root.  Privileges were not dropped because no user is specified in the config file.  If you intend to run as root, you can set user=root in the config file to avoid this message.
2022-03-25 20:48:09,338 INFO supervisord started with pid 1
2022-03-25 20:48:10,341 INFO spawned: 'nginx' with pid 6
2022-03-25 20:48:10,345 INFO spawned: 'php-fpm' with pid 7
2022-03-25 20:48:11,420 INFO success: nginx entered RUNNING state, process has stayed up for > than 1 seconds (startsecs)
2022-03-25 20:48:11,420 INFO success: php-fpm entered RUNNING state, process has stayed up for > than 1 seconds (startsecs)
2022-03-25 20:51:26,463 INFO reaped unknown pid 42 (exit status 0)
2022-03-25 20:52:05,514 INFO reaped unknown pid 116 (exit status 0)
2022-03-25 20:53:13,589 INFO reaped unknown pid 142 (exit status 0)
2022-03-25 20:58:04,465 WARN received SIGTERM indicating exit request
2022-03-25 20:58:04,466 INFO waiting for nginx, php-fpm to die
2022-03-25 20:58:04,501 INFO stopped: php-fpm (exit status 0)
2022-03-25 20:58:04,561 INFO stopped: nginx (exit status 0)
2022-03-25 21:14:26,055 CRIT Supervisor is running as root.  Privileges were not dropped because no user is specified in the config file.  If you intend to run as root, you can set user=root in the config file to avoid this message.
2022-03-25 21:14:26,060 INFO supervisord started with pid 1
2022-03-25 21:14:27,064 INFO spawned: 'nginx' with pid 6
2022-03-25 21:14:27,067 INFO spawned: 'php-fpm' with pid 7
2022-03-25 21:14:28,124 INFO success: nginx entered RUNNING state, process has stayed up for > than 1 seconds (startsecs)
2022-03-25 21:14:28,125 INFO success: php-fpm entered RUNNING state, process has stayed up for > than 1 seconds (startsecs)
2022-03-25 21:14:44,230 WARN received SIGTERM indicating exit request
2022-03-25 21:14:44,230 INFO waiting for nginx, php-fpm to die
2022-03-25 21:14:44,235 INFO stopped: php-fpm (exit status 0)
2022-03-25 21:14:44,311 INFO stopped: nginx (exit status 0)
2022-03-25 21:16:41,262 CRIT Supervisor is running as root.  Privileges were not dropped because no user is specified in the config file.  If you intend to run as root, you can set user=root in the config file to avoid this message.
2022-03-25 21:16:41,268 INFO supervisord started with pid 1
2022-03-25 21:16:42,271 INFO spawned: 'nginx' with pid 7
2022-03-25 21:16:42,274 INFO spawned: 'php-fpm' with pid 8
2022-03-25 21:16:43,331 INFO success: nginx entered RUNNING state, process has stayed up for > than 1 seconds (startsecs)
2022-03-25 21:16:43,332 INFO success: php-fpm entered RUNNING state, process has stayed up for > than 1 seconds (startsecs)
2022-03-25 21:19:00,750 INFO reaped unknown pid 279 (exit status 0)
2022-03-25 21:41:00,232 WARN received SIGTERM indicating exit request
2022-03-25 21:41:00,232 INFO waiting for nginx, php-fpm to die
2022-03-25 21:41:00,245 INFO stopped: php-fpm (exit status 0)
2022-03-25 21:41:00,327 INFO stopped: nginx (exit status 0)
2022-03-25 21:41:38,450 CRIT Supervisor is running as root.  Privileges were not dropped because no user is specified in the config file.  If you intend to run as root, you can set user=root in the config file to avoid this message.
2022-03-25 21:41:38,456 INFO supervisord started with pid 1
2022-03-25 21:41:39,462 INFO spawned: 'nginx' with pid 7
2022-03-25 21:41:39,472 INFO spawned: 'php-fpm' with pid 8
2022-03-25 21:41:40,558 INFO success: nginx entered RUNNING state, process has stayed up for > than 1 seconds (startsecs)
2022-03-25 21:41:40,558 INFO success: php-fpm entered RUNNING state, process has stayed up for > than 1 seconds (startsecs)
2022-03-25 21:41:40,559 INFO exited: php-fpm (exit status 78; not expected)
2022-03-25 21:41:41,564 INFO spawned: 'php-fpm' with pid 17
2022-03-25 21:41:42,652 INFO success: php-fpm entered RUNNING state, process has stayed up for > than 1 seconds (startsecs)
2022-03-25 21:41:42,653 INFO exited: php-fpm (exit status 78; not expected)
2022-03-25 21:41:43,661 INFO spawned: 'php-fpm' with pid 18
2022-03-25 21:41:44,751 INFO success: php-fpm entered RUNNING state, process has stayed up for > than 1 seconds (startsecs)
2022-03-25 21:41:44,751 INFO exited: php-fpm (exit status 78; not expected)
2022-03-25 21:41:45,755 INFO spawned: 'php-fpm' with pid 19
2022-03-25 21:41:46,846 INFO success: php-fpm entered RUNNING state, process has stayed up for > than 1 seconds (startsecs)
2022-03-25 21:41:46,846 INFO exited: php-fpm (exit status 78; not expected)
2022-03-25 21:41:47,851 INFO spawned: 'php-fpm' with pid 20
2022-03-25 21:41:48,939 INFO success: php-fpm entered RUNNING state, process has stayed up for > than 1 seconds (startsecs)
2022-03-25 21:41:48,940 INFO exited: php-fpm (exit status 78; not expected)
2022-03-25 21:41:49,944 INFO spawned: 'php-fpm' with pid 21
2022-03-25 21:41:51,039 INFO success: php-fpm entered RUNNING state, process has stayed up for > than 1 seconds (startsecs)
2022-03-25 21:41:51,040 INFO exited: php-fpm (exit status 78; not expected)
2022-03-25 21:41:52,045 INFO spawned: 'php-fpm' with pid 22
2022-03-25 21:41:53,134 INFO success: php-fpm entered RUNNING state, process has stayed up for > than 1 seconds (startsecs)
2022-03-25 21:41:53,134 INFO exited: php-fpm (exit status 78; not expected)
2022-03-25 21:41:54,140 INFO spawned: 'php-fpm' with pid 23
2022-03-25 21:41:55,240 INFO success: php-fpm entered RUNNING state, process has stayed up for > than 1 seconds (startsecs)
2022-03-25 21:41:55,240 INFO exited: php-fpm (exit status 78; not expected)
2022-03-25 21:41:56,246 INFO spawned: 'php-fpm' with pid 24
2022-03-25 21:41:57,333 INFO success: php-fpm entered RUNNING state, process has stayed up for > than 1 seconds (startsecs)
2022-03-25 21:41:57,333 INFO exited: php-fpm (exit status 78; not expected)
2022-03-25 21:41:58,336 INFO spawned: 'php-fpm' with pid 25
2022-03-25 21:41:59,381 INFO success: php-fpm entered RUNNING state, process has stayed up for > than 1 seconds (startsecs)
2022-03-25 21:41:59,381 INFO exited: php-fpm (exit status 78; not expected)
2022-03-25 21:42:00,386 INFO spawned: 'php-fpm' with pid 26
2022-03-25 21:42:01,481 INFO success: php-fpm entered RUNNING state, process has stayed up for > than 1 seconds (startsecs)
2022-03-25 21:42:01,482 INFO exited: php-fpm (exit status 78; not expected)
2022-03-25 21:42:02,488 INFO spawned: 'php-fpm' with pid 27
2022-03-25 21:42:03,568 INFO success: php-fpm entered RUNNING state, process has stayed up for > than 1 seconds (startsecs)
2022-03-25 21:42:03,568 INFO exited: php-fpm (exit status 78; not expected)
2022-03-25 21:42:04,573 INFO spawned: 'php-fpm' with pid 28
2022-03-25 21:42:04,574 WARN received SIGTERM indicating exit request
2022-03-25 21:42:04,576 INFO waiting for nginx, php-fpm to die
2022-03-25 21:42:04,663 INFO stopped: php-fpm (exit status 78)
2022-03-25 21:42:04,714 INFO stopped: nginx (exit status 0)
2022-03-25 21:45:30,471 CRIT Supervisor is running as root.  Privileges were not dropped because no user is specified in the config file.  If you intend to run as root, you can set user=root in the config file to avoid this message.
2022-03-25 21:45:30,477 INFO supervisord started with pid 1
2022-03-25 21:45:31,481 INFO spawned: 'nginx' with pid 7
2022-03-25 21:45:31,486 INFO spawned: 'php-fpm' with pid 8
2022-03-25 21:45:32,583 INFO success: nginx entered RUNNING state, process has stayed up for > than 1 seconds (startsecs)
2022-03-25 21:45:32,584 INFO success: php-fpm entered RUNNING state, process has stayed up for > than 1 seconds (startsecs)
2022-03-25 21:45:32,584 INFO exited: php-fpm (exit status 78; not expected)
2022-03-25 21:45:33,592 INFO spawned: 'php-fpm' with pid 17
2022-03-25 21:45:34,707 INFO success: php-fpm entered RUNNING state, process has stayed up for > than 1 seconds (startsecs)
2022-03-25 21:45:34,707 INFO exited: php-fpm (exit status 78; not expected)
2022-03-25 21:45:35,710 INFO spawned: 'php-fpm' with pid 18
2022-03-25 21:45:36,760 INFO success: php-fpm entered RUNNING state, process has stayed up for > than 1 seconds (startsecs)
2022-03-25 21:45:36,760 INFO exited: php-fpm (exit status 78; not expected)
2022-03-25 21:45:37,765 INFO spawned: 'php-fpm' with pid 19
2022-03-25 21:45:37,766 WARN received SIGTERM indicating exit request
2022-03-25 21:45:37,767 INFO waiting for nginx, php-fpm to die
2022-03-25 21:45:38,853 INFO stopped: php-fpm (exit status 78)
2022-03-25 21:45:38,943 INFO stopped: nginx (exit status 0)
2022-03-25 21:46:32,932 CRIT Supervisor is running as root.  Privileges were not dropped because no user is specified in the config file.  If you intend to run as root, you can set user=root in the config file to avoid this message.
2022-03-25 21:46:32,937 INFO supervisord started with pid 1
2022-03-25 21:46:33,939 INFO spawned: 'nginx' with pid 7
2022-03-25 21:46:33,942 INFO spawned: 'php-fpm' with pid 8
2022-03-25 21:46:35,010 INFO success: nginx entered RUNNING state, process has stayed up for > than 1 seconds (startsecs)
2022-03-25 21:46:35,010 INFO success: php-fpm entered RUNNING state, process has stayed up for > than 1 seconds (startsecs)
2022-03-25 21:51:30,493 WARN received SIGTERM indicating exit request
2022-03-25 21:51:30,494 INFO waiting for nginx, php-fpm to die
2022-03-25 21:51:30,503 INFO stopped: php-fpm (exit status 0)
2022-03-25 21:51:30,576 INFO stopped: nginx (exit status 0)
2022-03-25 21:51:49,438 CRIT Supervisor is running as root.  Privileges were not dropped because no user is specified in the config file.  If you intend to run as root, you can set user=root in the config file to avoid this message.
2022-03-25 21:51:49,444 INFO supervisord started with pid 1
2022-03-25 21:51:50,447 INFO spawned: 'nginx' with pid 7
2022-03-25 21:51:50,450 INFO spawned: 'php-fpm' with pid 8
2022-03-25 21:51:51,511 INFO success: nginx entered RUNNING state, process has stayed up for > than 1 seconds (startsecs)
2022-03-25 21:51:51,512 INFO success: php-fpm entered RUNNING state, process has stayed up for > than 1 seconds (startsecs)
2022-03-25 21:54:28,680 WARN received SIGTERM indicating exit request
2022-03-25 21:54:28,682 INFO waiting for nginx, php-fpm to die
2022-03-25 21:54:28,690 INFO stopped: php-fpm (exit status 0)
2022-03-25 21:54:28,765 INFO stopped: nginx (exit status 0)
2022-03-25 21:54:49,022 CRIT Supervisor is running as root.  Privileges were not dropped because no user is specified in the config file.  If you intend to run as root, you can set user=root in the config file to avoid this message.
2022-03-25 21:54:49,028 INFO supervisord started with pid 1
2022-03-25 21:54:50,030 INFO spawned: 'nginx' with pid 8
2022-03-25 21:54:50,033 INFO spawned: 'php-fpm' with pid 9
2022-03-25 21:54:51,085 INFO success: nginx entered RUNNING state, process has stayed up for > than 1 seconds (startsecs)
2022-03-25 21:54:51,085 INFO success: php-fpm entered RUNNING state, process has stayed up for > than 1 seconds (startsecs)
2022-03-25 22:02:55,697 WARN received SIGTERM indicating exit request
2022-03-25 22:02:55,698 INFO waiting for nginx, php-fpm to die
2022-03-25 22:02:55,716 INFO stopped: php-fpm (exit status 0)
2022-03-25 22:02:55,773 INFO stopped: nginx (exit status 0)
2022-03-25 22:03:04,741 CRIT Supervisor is running as root.  Privileges were not dropped because no user is specified in the config file.  If you intend to run as root, you can set user=root in the config file to avoid this message.
2022-03-25 22:03:04,743 INFO supervisord started with pid 1
2022-03-25 22:03:05,748 INFO spawned: 'nginx' with pid 7
2022-03-25 22:03:05,753 INFO spawned: 'php-fpm' with pid 8
2022-03-25 22:03:06,794 INFO success: nginx entered RUNNING state, process has stayed up for > than 1 seconds (startsecs)
2022-03-25 22:03:06,794 INFO success: php-fpm entered RUNNING state, process has stayed up for > than 1 seconds (startsecs)
2022-03-25 22:08:04,271 WARN received SIGTERM indicating exit request
2022-03-25 22:08:04,271 INFO waiting for nginx, php-fpm to die
2022-03-25 22:08:04,295 INFO stopped: php-fpm (exit status 0)
2022-03-25 22:08:04,390 INFO stopped: nginx (exit status 0)
2022-03-25 22:08:15,817 CRIT Supervisor is running as root.  Privileges were not dropped because no user is specified in the config file.  If you intend to run as root, you can set user=root in the config file to avoid this message.
2022-03-25 22:08:15,821 INFO supervisord started with pid 1
2022-03-25 22:08:16,825 INFO spawned: 'nginx' with pid 7
2022-03-25 22:08:16,831 INFO spawned: 'php-fpm' with pid 8
2022-03-25 22:08:17,881 INFO success: nginx entered RUNNING state, process has stayed up for > than 1 seconds (startsecs)
2022-03-25 22:08:17,881 INFO success: php-fpm entered RUNNING state, process has stayed up for > than 1 seconds (startsecs)
2022-03-25 22:15:30,446 WARN received SIGTERM indicating exit request
2022-03-25 22:15:30,447 INFO waiting for nginx, php-fpm to die
2022-03-25 22:15:30,463 INFO stopped: php-fpm (exit status 0)
2022-03-25 22:15:30,545 INFO stopped: nginx (exit status 0)
2022-03-25 22:16:11,999 CRIT Supervisor is running as root.  Privileges were not dropped because no user is specified in the config file.  If you intend to run as root, you can set user=root in the config file to avoid this message.
2022-03-25 22:16:12,001 INFO supervisord started with pid 1
2022-03-25 22:16:13,005 INFO spawned: 'nginx' with pid 7
2022-03-25 22:16:13,011 INFO spawned: 'php-fpm' with pid 8
2022-03-25 22:16:14,062 INFO success: nginx entered RUNNING state, process has stayed up for > than 1 seconds (startsecs)
2022-03-25 22:16:14,062 INFO success: php-fpm entered RUNNING state, process has stayed up for > than 1 seconds (startsecs)
2022-03-25 22:29:39,308 WARN received SIGTERM indicating exit request
2022-03-25 22:29:39,309 INFO waiting for nginx, php-fpm to die
2022-03-25 22:29:39,333 INFO stopped: php-fpm (exit status 0)
2022-03-25 22:29:39,417 INFO stopped: nginx (exit status 0)
2022-03-25 22:29:56,508 CRIT Supervisor is running as root.  Privileges were not dropped because no user is specified in the config file.  If you intend to run as root, you can set user=root in the config file to avoid this message.
2022-03-25 22:29:56,511 INFO supervisord started with pid 1
2022-03-25 22:29:57,513 INFO spawned: 'nginx' with pid 7
2022-03-25 22:29:57,515 INFO spawned: 'php-fpm' with pid 8
2022-03-25 22:29:58,550 INFO success: nginx entered RUNNING state, process has stayed up for > than 1 seconds (startsecs)
2022-03-25 22:29:58,550 INFO success: php-fpm entered RUNNING state, process has stayed up for > than 1 seconds (startsecs)
